app/build/intermediates/manifest_merge_blame_file/debug/manifest-merger-blame-debug-report.txt
1<?xml version="1.0" encoding="utf-8"?>
2<manifest xmlns:android="http://schemas.android.com/apk/res/android"
3    package="com.example.mypregnancyjourney"
4    android:versionCode="1"
5    android:versionName="1.0" >
6
7    <uses-sdk
8        android:minSdkVersion="24"
9        android:targetSdkVersion="34" />
10
11    <uses-permission android:name="android.permission.INTERNET" />
11-->src\main\AndroidManifest.xml:4:5-67
11-->src\main\AndroidManifest.xml:4:22-64
12
13    <permission
13-->[androidx.core:core:1.9.0] AndroidManifest.xml:22:5-24:47
14        android:name="com.example.mypregnancyjourney.DYNAMIC_RECEIVER_NOT_EXPORTED_PERMISSION"
14-->[androidx.core:core:1.9.0] AndroidManifest.xml:23:9-81
15        android:protectionLevel="signature" />
15-->[androidx.core:core:1.9.0] AndroidManifest.xml:24:9-44
16
17    <uses-permission android:name="com.example.mypregnancyjourney.DYNAMIC_RECEIVER_NOT_EXPORTED_PERMISSION" />
17-->[androidx.core:core:1.9.0] AndroidManifest.xml:26:5-97
17-->[androidx.core:core:1.9.0] AndroidManifest.xml:26:22-94
18
19    <application
19-->src\main\AndroidManifest.xml:5:5-52:19
20        android:allowBackup="true"
20-->src\main\AndroidManifest.xml:6:9-35
21        android:appComponentFactory="androidx.core.app.CoreComponentFactory"
21-->[androidx.core:core:1.9.0] AndroidManifest.xml:28:18-86
22        android:dataExtractionRules="@xml/data_extraction_rules"
22-->src\main\AndroidManifest.xml:7:9-65
23        android:debuggable="true"
24        android:extractNativeLibs="false"
25        android:fullBackupContent="@xml/backup_rules"
25-->src\main\AndroidManifest.xml:8:9-54
26        android:icon="@mipmap/ic_launcher"
26-->src\main\AndroidManifest.xml:9:9-43
27        android:label="@string/app_name"
27-->src\main\AndroidManifest.xml:10:9-41
28        android:roundIcon="@mipmap/ic_launcher_round"
28-->src\main\AndroidManifest.xml:11:9-54
29        android:supportsRtl="true"
29-->src\main\AndroidManifest.xml:12:9-35
30        android:testOnly="true"
31        android:theme="@style/Theme.MyPregnancyJourney" >
31-->src\main\AndroidManifest.xml:13:9-56
32        <activity
32-->src\main\AndroidManifest.xml:15:9-17:40
33            android:name="com.example.mypregnancyjourney.LastSevenDaysActivity"
33-->src\main\AndroidManifest.xml:16:13-50
34            android:exported="false" />
34-->src\main\AndroidManifest.xml:17:13-37
35        <activity
35-->src\main\AndroidManifest.xml:18:9-20:40
36            android:name="com.example.mypregnancyjourney.NextSevenDaysActivity"
36-->src\main\AndroidManifest.xml:19:13-50
37            android:exported="false" />
37-->src\main\AndroidManifest.xml:20:13-37
38        <activity
38-->src\main\AndroidManifest.xml:21:9-23:40
39            android:name="com.example.mypregnancyjourney.NoteActivity"
39-->src\main\AndroidManifest.xml:22:13-41
40            android:exported="false" />
40-->src\main\AndroidManifest.xml:23:13-37
41        <activity
41-->src\main\AndroidManifest.xml:24:9-26:40
42            android:name="com.example.mypregnancyjourney.CalendarActivity"
42-->src\main\AndroidManifest.xml:25:13-45
43            android:exported="false" />
43-->src\main\AndroidManifest.xml:26:13-37
44        <activity
44-->src\main\AndroidManifest.xml:27:9-29:40
45            android:name="com.example.mypregnancyjourney.WelcomeActivity"
45-->src\main\AndroidManifest.xml:28:13-44
46            android:exported="false" />
46-->src\main\AndroidManifest.xml:29:13-37
47        <activity
47-->src\main\AndroidManifest.xml:30:9-32:40
48            android:name="com.example.mypregnancyjourney.ResetPasswordActivity"
48-->src\main\AndroidManifest.xml:31:13-50
49            android:exported="false" />
49-->src\main\AndroidManifest.xml:32:13-37
50        <activity
50-->src\main\AndroidManifest.xml:33:9-35:40
51            android:name="com.example.mypregnancyjourney.SignUpActivity"
51-->src\main\AndroidManifest.xml:34:13-43
52            android:exported="false" />
52-->src\main\AndroidManifest.xml:35:13-37
53        <activity
53-->src\main\AndroidManifest.xml:36:9-38:40
54            android:name="com.example.mypregnancyjourney.LogInActivity"
54-->src\main\AndroidManifest.xml:37:13-42
55            android:exported="false" />
55-->src\main\AndroidManifest.xml:38:13-37
56        <activity
56-->src\main\AndroidManifest.xml:39:9-41:39
57            android:name="com.example.mypregnancyjourney.MainActivity_fetalimage"
57-->src\main\AndroidManifest.xml:40:13-52
58            android:exported="false" />
58-->src\main\AndroidManifest.xml:41:13-37
59        <activity
59-->src\main\AndroidManifest.xml:42:9-51:20
60            android:name="com.example.mypregnancyjourney.MainActivity"
60-->src\main\AndroidManifest.xml:43:13-41
61            android:exported="true" >
61-->src\main\AndroidManifest.xml:44:13-36
62            <intent-filter>
62-->src\main\AndroidManifest.xml:46:13-50:29
63                <action android:name="android.intent.action.MAIN" />
63-->src\main\AndroidManifest.xml:47:17-69
63-->src\main\AndroidManifest.xml:47:25-66
64
65                <category android:name="android.intent.category.LAUNCHER" />
65-->src\main\AndroidManifest.xml:49:17-77
65-->src\main\AndroidManifest.xml:49:27-74
66            </intent-filter>
67        </activity>
68
69        <provider
69-->[com.github.prolificinteractive:material-calendarview:2.0.0] AndroidManifest.xml:12:9-16:40
70            android:name="com.prolificinteractive.materialcalendarview.MaterialCalendarViewInitProvider"
70-->[com.github.prolificinteractive:material-calendarview:2.0.0] AndroidManifest.xml:13:13-105
71            android:authorities="com.example.mypregnancyjourney.materialcalendarviewinitprovider"
71-->[com.github.prolificinteractive:material-calendarview:2.0.0] AndroidManifest.xml:14:13-84
72            android:enabled="true"
72-->[com.github.prolificinteractive:material-calendarview:2.0.0] AndroidManifest.xml:15:13-35
73            android:exported="false" />
73-->[com.github.prolificinteractive:material-calendarview:2.0.0] AndroidManifest.xml:16:13-37
74        <provider
74-->[androidx.emoji2:emoji2:1.2.0] AndroidManifest.xml:24:9-32:20
75            android:name="androidx.startup.InitializationProvider"
75-->[androidx.emoji2:emoji2:1.2.0] AndroidManifest.xml:25:13-67
76            android:authorities="com.example.mypregnancyjourney.androidx-startup"
76-->[androidx.emoji2:emoji2:1.2.0] AndroidManifest.xml:26:13-68
77            android:exported="false" >
77-->[androidx.emoji2:emoji2:1.2.0] AndroidManifest.xml:27:13-37
78            <meta-data
78-->[androidx.emoji2:emoji2:1.2.0] AndroidManifest.xml:29:13-31:52
79                android:name="androidx.emoji2.text.EmojiCompatInitializer"
79-->[androidx.emoji2:emoji2:1.2.0] AndroidManifest.xml:30:17-75
80                android:value="androidx.startup" />
80-->[androidx.emoji2:emoji2:1.2.0] AndroidManifest.xml:31:17-49
81            <meta-data
81-->[androidx.lifecycle:lifecycle-process:2.6.1] AndroidManifest.xml:29:13-31:52
82                android:name="androidx.lifecycle.ProcessLifecycleInitializer"
82-->[androidx.lifecycle:lifecycle-process:2.6.1] AndroidManifest.xml:30:17-78
83                android:value="androidx.startup" />
83-->[androidx.lifecycle:lifecycle-process:2.6.1] AndroidManifest.xml:31:17-49
84            <meta-data
84-->[androidx.profileinstaller:profileinstaller:1.3.0] AndroidManifest.xml:29:13-31:52
85                android:name="androidx.profileinstaller.ProfileInstallerInitializer"
85-->[androidx.profileinstaller:profileinstaller:1.3.0] AndroidManifest.xml:30:17-85
86                android:value="androidx.startup" />
86-->[androidx.profileinstaller:profileinstaller:1.3.0] AndroidManifest.xml:31:17-49
87        </provider>
88
89        <receiver
89-->[androidx.profileinstaller:profileinstaller:1.3.0] AndroidManifest.xml:34:9-52:20
90            android:name="androidx.profileinstaller.ProfileInstallReceiver"
90-->[androidx.profileinstaller:profileinstaller:1.3.0] AndroidManifest.xml:35:13-76
91            android:directBootAware="false"
91-->[androidx.profileinstaller:profileinstaller:1.3.0] AndroidManifest.xml:36:13-44
92            android:enabled="true"
92-->[androidx.profileinstaller:profileinstaller:1.3.0] AndroidManifest.xml:37:13-35
93            android:exported="true"
93-->[androidx.profileinstaller:profileinstaller:1.3.0] AndroidManifest.xml:38:13-36
94            android:permission="android.permission.DUMP" >
94-->[androidx.profileinstaller:profileinstaller:1.3.0] AndroidManifest.xml:39:13-57
95            <intent-filter>
95-->[androidx.profileinstaller:profileinstaller:1.3.0] AndroidManifest.xml:40:13-42:29
96                <action android:name="androidx.profileinstaller.action.INSTALL_PROFILE" />
96-->[androidx.profileinstaller:profileinstaller:1.3.0] AndroidManifest.xml:41:17-91
96-->[androidx.profileinstaller:profileinstaller:1.3.0] AndroidManifest.xml:41:25-88
97            </intent-filter>
98            <intent-filter>
98-->[androidx.profileinstaller:profileinstaller:1.3.0] AndroidManifest.xml:43:13-45:29
99                <action android:name="androidx.profileinstaller.action.SKIP_FILE" />
99-->[androidx.profileinstaller:profileinstaller:1.3.0] AndroidManifest.xml:44:17-85
99-->[androidx.profileinstaller:profileinstaller:1.3.0] AndroidManifest.xml:44:25-82
100            </intent-filter>
101            <intent-filter>
101-->[androidx.profileinstaller:profileinstaller:1.3.0] AndroidManifest.xml:46:13-48:29
102                <action android:name="androidx.profileinstaller.action.SAVE_PROFILE" />
102-->[androidx.profileinstaller:profileinstaller:1.3.0] AndroidManifest.xml:47:17-88
102-->[androidx.profileinstaller:profileinstaller:1.3.0] AndroidManifest.xml:47:25-85
103            </intent-filter>
104            <intent-filter>
104-->[androidx.profileinstaller:profileinstaller:1.3.0] AndroidManifest.xml:49:13-51:29
105                <action android:name="androidx.profileinstaller.action.BENCHMARK_OPERATION" />
105-->[androidx.profileinstaller:profileinstaller:1.3.0] AndroidManifest.xml:50:17-95
105-->[androidx.profileinstaller:profileinstaller:1.3.0] AndroidManifest.xml:50:25-92
106            </intent-filter>
107        </receiver>
108    </application>
109
110</manifest>